The system is: Windows - 6.1 - AMD64
Compiling the C compiler identification source file "CMakeCCompilerId.c" succeeded.
Compiler: C:/Program Files (x86)/Microsoft Visual Studio 11.0/VC/bin/x86_amd64/cl.exe 
Build flags: 
Id flags: 

The output was:
0
Microsoft (R) C/C++ Optimizing Compiler Version 17.00.60610.1 for x64
Copyright (C) Microsoft Corporation.  All rights reserved.

CMakeCCompilerId.c
Microsoft (R) Incremental Linker Version 11.00.60610.1
Copyright (C) Microsoft Corporation.  All rights reserved.

/out:CMakeCCompilerId.exe 
CMakeCCompilerId.obj 


Compilation of the C compiler identification source "CMakeCCompilerId.c" produced "CMakeCCompilerId.exe"

Compilation of the C compiler identification source "CMakeCCompilerId.c" produced "CMakeCCompilerId.obj"

The C compiler identification is MSVC, found in "C:/linearDecon/build/CMakeFiles/2.8.11.2/CompilerIdC/CMakeCCompilerId.exe"

Compiling the CXX compiler identification source file "CMakeCXXCompilerId.cpp" succeeded.
Compiler: C:/Program Files (x86)/Microsoft Visual Studio 11.0/VC/bin/x86_amd64/cl.exe 
Build flags: 
Id flags: 

The output was:
0
Microsoft (R) C/C++ Optimizing Compiler Version 17.00.60610.1 for x64
Copyright (C) Microsoft Corporation.  All rights reserved.

CMakeCXXCompilerId.cpp
Microsoft (R) Incremental Linker Version 11.00.60610.1
Copyright (C) Microsoft Corporation.  All rights reserved.

/out:CMakeCXXCompilerId.exe 
CMakeCXXCompilerId.obj 


Compilation of the CXX compiler identification source "CMakeCXXCompilerId.cpp" produced "CMakeCXXCompilerId.exe"

Compilation of the CXX compiler identification source "CMakeCXXCompilerId.cpp" produced "CMakeCXXCompilerId.obj"

The CXX compiler identification is MSVC, found in "C:/linearDecon/build/CMakeFiles/2.8.11.2/CompilerIdCXX/CMakeCXXCompilerId.exe"

Determining if the C compiler works passed with the following output:
Change Dir: C:/linearDecon/build/CMakeFiles/CMakeTmp

Run Build Command:nmake /NOLOGO  "cmTryCompileExec448341992\fast"
	"C:\Program Files (x86)\Microsoft Visual Studio 11.0\VC\BIN\nmake.exe" -f CMakeFiles\cmTryCompileExec448341992.dir\build.make /nologo -L                  CMakeFiles\cmTryCompileExec448341992.dir\build
	"C:\Program Files (x86)\CMake 2.8\bin\cmake.exe" -E cmake_progress_report C:\linearDecon\build\CMakeFiles\CMakeTmp\CMakeFiles 1
Building C object CMakeFiles/cmTryCompileExec448341992.dir/testCCompiler.c.obj
	C:\PROGRA~2\MICROS~1.0\VC\bin\X86_AM~1\cl.exe  @C:\Users\Owner\AppData\Local\Temp\nm9125.tmp
testCCompiler.c
Linking C executable cmTryCompileExec448341992.exe
	"C:\Program Files (x86)\CMake 2.8\bin\cmake.exe" -E vs_link_exe C:\PROGRA~2\MICROS~1.0\VC\bin\X86_AM~1\cl.exe  /nologo @C:\Users\Owner\AppData\Local\Temp\nm9164.tmp


Detecting C compiler ABI info compiled with the following output:
Change Dir: C:/linearDecon/build/CMakeFiles/CMakeTmp

Run Build Command:nmake /NOLOGO  "cmTryCompileExec1702516066\fast"
	"C:\Program Files (x86)\Microsoft Visual Studio 11.0\VC\BIN\nmake.exe" -f CMakeFiles\cmTryCompileExec1702516066.dir\build.make /nologo -L                  CMakeFiles\cmTryCompileExec1702516066.dir\build
	"C:\Program Files (x86)\CMake 2.8\bin\cmake.exe" -E cmake_progress_report C:\linearDecon\build\CMakeFiles\CMakeTmp\CMakeFiles 1
Building C object CMakeFiles/cmTryCompileExec1702516066.dir/CMakeCCompilerABI.c.obj
	C:\PROGRA~2\MICROS~1.0\VC\bin\X86_AM~1\cl.exe  @C:\Users\Owner\AppData\Local\Temp\nm93F2.tmp
CMakeCCompilerABI.c
Linking C executable cmTryCompileExec1702516066.exe
	"C:\Program Files (x86)\CMake 2.8\bin\cmake.exe" -E vs_link_exe C:\PROGRA~2\MICROS~1.0\VC\bin\X86_AM~1\cl.exe  /nologo @C:\Users\Owner\AppData\Local\Temp\nm9432.tmp


Determining if the CXX compiler works passed with the following output:
Change Dir: C:/linearDecon/build/CMakeFiles/CMakeTmp

Run Build Command:nmake /NOLOGO  "cmTryCompileExec2250615636\fast"
	"C:\Program Files (x86)\Microsoft Visual Studio 11.0\VC\BIN\nmake.exe" -f CMakeFiles\cmTryCompileExec2250615636.dir\build.make /nologo -L                  CMakeFiles\cmTryCompileExec2250615636.dir\build
	"C:\Program Files (x86)\CMake 2.8\bin\cmake.exe" -E cmake_progress_report C:\linearDecon\build\CMakeFiles\CMakeTmp\CMakeFiles 1
Building CXX object CMakeFiles/cmTryCompileExec2250615636.dir/testCXXCompiler.cxx.obj
	C:\PROGRA~2\MICROS~1.0\VC\bin\X86_AM~1\cl.exe  @C:\Users\Owner\AppData\Local\Temp\nm9662.tmp
testCXXCompiler.cxx
Linking CXX executable cmTryCompileExec2250615636.exe
	"C:\Program Files (x86)\CMake 2.8\bin\cmake.exe" -E vs_link_exe C:\PROGRA~2\MICROS~1.0\VC\bin\X86_AM~1\cl.exe  /nologo @C:\Users\Owner\AppData\Local\Temp\nm96A2.tmp


Detecting CXX compiler ABI info compiled with the following output:
Change Dir: C:/linearDecon/build/CMakeFiles/CMakeTmp

Run Build Command:nmake /NOLOGO  "cmTryCompileExec2014559008\fast"
	"C:\Program Files (x86)\Microsoft Visual Studio 11.0\VC\BIN\nmake.exe" -f CMakeFiles\cmTryCompileExec2014559008.dir\build.make /nologo -L                  CMakeFiles\cmTryCompileExec2014559008.dir\build
	"C:\Program Files (x86)\CMake 2.8\bin\cmake.exe" -E cmake_progress_report C:\linearDecon\build\CMakeFiles\CMakeTmp\CMakeFiles 1
Building CXX object CMakeFiles/cmTryCompileExec2014559008.dir/CMakeCXXCompilerABI.cpp.obj
	C:\PROGRA~2\MICROS~1.0\VC\bin\X86_AM~1\cl.exe  @C:\Users\Owner\AppData\Local\Temp\nm98F1.tmp
CMakeCXXCompilerABI.cpp
Linking CXX executable cmTryCompileExec2014559008.exe
	"C:\Program Files (x86)\CMake 2.8\bin\cmake.exe" -E vs_link_exe C:\PROGRA~2\MICROS~1.0\VC\bin\X86_AM~1\cl.exe  /nologo @C:\Users\Owner\AppData\Local\Temp\nm9940.tmp


